  [1m[35m (0.1ms)[0m  [1m[34mSELECT pg_try_advisory_lock(6846071856088601745)[0m
  ↳ bin/rails:9
  [1m[35m (1.1ms)[0m  [1m[34mSELECT "schema_migrations"."version" FROM "schema_migrations" ORDER BY "schema_migrations"."version" ASC[0m
  ↳ bin/rails:9
  [1m[36mActiveRecord::InternalMetadata Load (0.4ms)[0m  [1m[34mSELECT  "ar_internal_metadata".* FROM "ar_internal_metadata" WHERE "ar_internal_metadata"."key" = $1 LIMIT $2[0m  [["key", "environment"], ["LIMIT", 1]]
  ↳ bin/rails:9
  [1m[35m (0.1ms)[0m  [1m[35mBEGIN[0m
  ↳ bin/rails:9
  [1m[35m (0.1ms)[0m  [1m[35mCOMMIT[0m
  ↳ bin/rails:9
  [1m[35m (0.2ms)[0m  [1m[34mSELECT pg_advisory_unlock(6846071856088601745)[0m
  ↳ bin/rails:9
  [1m[35m (0.3ms)[0m  [1m[34mSELECT "schema_migrations"."version" FROM "schema_migrations" ORDER BY "schema_migrations"."version" ASC[0m
  ↳ bin/rails:9
  [1m[35m (1.0ms)[0m  [1m[34mSELECT "schema_migrations"."version" FROM "schema_migrations" ORDER BY "schema_migrations"."version" ASC[0m
  ↳ bin/rails:9
  [1m[35m (0.2ms)[0m  [1m[34mSELECT "schema_migrations"."version" FROM "schema_migrations" ORDER BY "schema_migrations"."version" ASC[0m
  ↳ bin/rails:9
  [1m[35m (0.2ms)[0m  [1m[34mSELECT "schema_migrations"."version" FROM "schema_migrations" ORDER BY "schema_migrations"."version" ASC[0m
  ↳ bin/rails:9
  [1m[35m (0.2ms)[0m  [1m[34mSELECT pg_try_advisory_lock(6846071856088601745)[0m
  ↳ bin/rails:9
  [1m[35m (0.2ms)[0m  [1m[34mSELECT "schema_migrations"."version" FROM "schema_migrations" ORDER BY "schema_migrations"."version" ASC[0m
  ↳ bin/rails:9
Migrating to CreateRestaurants (20190828185211)
  [1m[35m (0.1ms)[0m  [1m[35mBEGIN[0m
  ↳ bin/rails:9
  [1m[35m (8.5ms)[0m  [1m[35mDROP TABLE "restaurants"[0m
  ↳ bin/rails:9
  [1m[36mActiveRecord::SchemaMigration Destroy (0.5ms)[0m  [1m[31mDELETE FROM "schema_migrations" WHERE "schema_migrations"."version" = $1[0m  [["version", "20190828185211"]]
  ↳ bin/rails:9
  [1m[35m (3.0ms)[0m  [1m[35mCOMMIT[0m
  ↳ bin/rails:9
  [1m[35m (0.3ms)[0m  [1m[34mSELECT pg_advisory_unlock(6846071856088601745)[0m
  ↳ bin/rails:9
  [1m[35m (0.2ms)[0m  [1m[34mSELECT "schema_migrations"."version" FROM "schema_migrations" ORDER BY "schema_migrations"."version" ASC[0m
  ↳ bin/rails:9
  [1m[35m (0.7ms)[0m  [1m[34mSELECT "schema_migrations"."version" FROM "schema_migrations" ORDER BY "schema_migrations"."version" ASC[0m
  ↳ bin/rails:9
  [1m[35m (0.2ms)[0m  [1m[34mSELECT "schema_migrations"."version" FROM "schema_migrations" ORDER BY "schema_migrations"."version" ASC[0m
  ↳ bin/rails:9
  [1m[35m (0.2ms)[0m  [1m[34mSELECT "schema_migrations"."version" FROM "schema_migrations" ORDER BY "schema_migrations"."version" ASC[0m
  ↳ bin/rails:9
  [1m[35m (0.2ms)[0m  [1m[34mSELECT pg_try_advisory_lock(6846071856088601745)[0m
  ↳ bin/rails:9
  [1m[35m (0.2ms)[0m  [1m[34mSELECT "schema_migrations"."version" FROM "schema_migrations" ORDER BY "schema_migrations"."version" ASC[0m
  ↳ bin/rails:9
Migrating to CreateEvents (20190828185141)
  [1m[35m (0.1ms)[0m  [1m[35mBEGIN[0m
  ↳ bin/rails:9
  [1m[35m (1.6ms)[0m  [1m[35mDROP TABLE "events"[0m
  ↳ bin/rails:9
  [1m[36mActiveRecord::SchemaMigration Destroy (0.4ms)[0m  [1m[31mDELETE FROM "schema_migrations" WHERE "schema_migrations"."version" = $1[0m  [["version", "20190828185141"]]
  ↳ bin/rails:9
  [1m[35m (2.4ms)[0m  [1m[35mCOMMIT[0m
  ↳ bin/rails:9
  [1m[35m (0.3ms)[0m  [1m[34mSELECT pg_advisory_unlock(6846071856088601745)[0m
  ↳ bin/rails:9
  [1m[35m (0.2ms)[0m  [1m[34mSELECT "schema_migrations"."version" FROM "schema_migrations" ORDER BY "schema_migrations"."version" ASC[0m
  ↳ bin/rails:9
  [1m[35m (0.6ms)[0m  [1m[34mSELECT "schema_migrations"."version" FROM "schema_migrations" ORDER BY "schema_migrations"."version" ASC[0m
  ↳ bin/rails:9
  [1m[35m (0.2ms)[0m  [1m[34mSELECT "schema_migrations"."version" FROM "schema_migrations" ORDER BY "schema_migrations"."version" ASC[0m
  ↳ bin/rails:9
  [1m[35m (0.4ms)[0m  [1m[34mSELECT "schema_migrations"."version" FROM "schema_migrations" ORDER BY "schema_migrations"."version" ASC[0m
  ↳ bin/rails:9
  [1m[35m (0.2ms)[0m  [1m[34mSELECT pg_try_advisory_lock(6846071856088601745)[0m
  ↳ bin/rails:9
  [1m[35m (0.2ms)[0m  [1m[34mSELECT "schema_migrations"."version" FROM "schema_migrations" ORDER BY "schema_migrations"."version" ASC[0m
  ↳ bin/rails:9
Migrating to CreateFavorites (20190828185101)
  [1m[35m (0.1ms)[0m  [1m[35mBEGIN[0m
  ↳ bin/rails:9
  [1m[35m (1.9ms)[0m  [1m[35mDROP TABLE "favorites"[0m
  ↳ bin/rails:9
  [1m[36mActiveRecord::SchemaMigration Destroy (0.4ms)[0m  [1m[31mDELETE FROM "schema_migrations" WHERE "schema_migrations"."version" = $1[0m  [["version", "20190828185101"]]
  ↳ bin/rails:9
  [1m[35m (1.5ms)[0m  [1m[35mCOMMIT[0m
  ↳ bin/rails:9
  [1m[35m (0.2ms)[0m  [1m[34mSELECT pg_advisory_unlock(6846071856088601745)[0m
  ↳ bin/rails:9
  [1m[35m (0.2ms)[0m  [1m[34mSELECT "schema_migrations"."version" FROM "schema_migrations" ORDER BY "schema_migrations"."version" ASC[0m
  ↳ bin/rails:9
  [1m[35m (0.7ms)[0m  [1m[34mSELECT "schema_migrations"."version" FROM "schema_migrations" ORDER BY "schema_migrations"."version" ASC[0m
  ↳ bin/rails:9
  [1m[35m (0.4ms)[0m  [1m[34mSELECT "schema_migrations"."version" FROM "schema_migrations" ORDER BY "schema_migrations"."version" ASC[0m
  ↳ bin/rails:9
  [1m[35m (0.2ms)[0m  [1m[34mSELECT "schema_migrations"."version" FROM "schema_migrations" ORDER BY "schema_migrations"."version" ASC[0m
  ↳ bin/rails:9
  [1m[35m (0.3ms)[0m  [1m[34mSELECT pg_try_advisory_lock(6846071856088601745)[0m
  ↳ bin/rails:9
  [1m[35m (0.2ms)[0m  [1m[34mSELECT "schema_migrations"."version" FROM "schema_migrations" ORDER BY "schema_migrations"."version" ASC[0m
  ↳ bin/rails:9
Migrating to CreateUsers (20190828184902)
  [1m[35m (0.1ms)[0m  [1m[35mBEGIN[0m
  ↳ bin/rails:9
  [1m[35m (2.1ms)[0m  [1m[35mDROP TABLE "users"[0m
  ↳ bin/rails:9
  [1m[36mActiveRecord::SchemaMigration Destroy (0.5ms)[0m  [1m[31mDELETE FROM "schema_migrations" WHERE "schema_migrations"."version" = $1[0m  [["version", "20190828184902"]]
  ↳ bin/rails:9
  [1m[35m (1.8ms)[0m  [1m[35mCOMMIT[0m
  ↳ bin/rails:9
  [1m[35m (0.2ms)[0m  [1m[34mSELECT pg_advisory_unlock(6846071856088601745)[0m
  ↳ bin/rails:9
  [1m[35m (0.2ms)[0m  [1m[34mSELECT "schema_migrations"."version" FROM "schema_migrations" ORDER BY "schema_migrations"."version" ASC[0m
  ↳ bin/rails:9
  [1m[35m (0.2ms)[0m  [1m[34mSELECT pg_try_advisory_lock(6846071856088601745)[0m
  ↳ bin/rails:9
  [1m[35m (0.6ms)[0m  [1m[34mSELECT "schema_migrations"."version" FROM "schema_migrations" ORDER BY "schema_migrations"."version" ASC[0m
  ↳ bin/rails:9
Migrating to CreateUsers (20190828184902)
  [1m[35m (0.1ms)[0m  [1m[35mBEGIN[0m
  ↳ bin/rails:9
  [1m[35m (7.6ms)[0m  [1m[35mCREATE TABLE "users" ("id" bigserial primary key, "name" character varying, "age" integer, "city" character varying, "username" character varying, "password_digest" character varying, "image" character varying, "created_at" timestamp NOT NULL, "updated_at" timestamp NOT NULL)[0m
  ↳ db/migrate/20190828184902_create_users.rb:3
  [1m[36mActiveRecord::SchemaMigration Create (0.3ms)[0m  [1m[32mINSERT INTO "schema_migrations" ("version") VALUES ($1) RETURNING "version"[0m  [["version", "20190828184902"]]
  ↳ bin/rails:9
  [1m[35m (0.5ms)[0m  [1m[35mCOMMIT[0m
  ↳ bin/rails:9
Migrating to CreateFavorites (20190828185101)
  [1m[35m (0.3ms)[0m  [1m[35mBEGIN[0m
  ↳ bin/rails:9
  [1m[35m (5.2ms)[0m  [1m[35mCREATE TABLE "favorites" ("id" bigserial primary key, "user_id" integer, "favorite_id" integer, "favorite_type" character varying, "created_at" timestamp NOT NULL, "updated_at" timestamp NOT NULL)[0m
  ↳ db/migrate/20190828185101_create_favorites.rb:3
  [1m[36mActiveRecord::SchemaMigration Create (0.2ms)[0m  [1m[32mINSERT INTO "schema_migrations" ("version") VALUES ($1) RETURNING "version"[0m  [["version", "20190828185101"]]
  ↳ bin/rails:9
  [1m[35m (0.4ms)[0m  [1m[35mCOMMIT[0m
  ↳ bin/rails:9
Migrating to CreateEvents (20190828185141)
  [1m[35m (0.2ms)[0m  [1m[35mBEGIN[0m
  ↳ bin/rails:9
  [1m[35m (4.0ms)[0m  [1m[35mCREATE TABLE "events" ("id" bigserial primary key, "name" character varying, "location" character varying, "description" character varying, "kind" character varying, "website" character varying, "rating" integer, "like" integer, "created_at" timestamp NOT NULL, "updated_at" timestamp NOT NULL)[0m
  ↳ db/migrate/20190828185141_create_events.rb:3
  [1m[36mActiveRecord::SchemaMigration Create (0.2ms)[0m  [1m[32mINSERT INTO "schema_migrations" ("version") VALUES ($1) RETURNING "version"[0m  [["version", "20190828185141"]]
  ↳ bin/rails:9
  [1m[35m (0.3ms)[0m  [1m[35mCOMMIT[0m
  ↳ bin/rails:9
Migrating to CreateRestaurants (20190828185211)
  [1m[35m (0.2ms)[0m  [1m[35mBEGIN[0m
  ↳ bin/rails:9
  [1m[35m (3.1ms)[0m  [1m[35mCREATE TABLE "restaurants" ("id" bigserial primary key, "name" character varying, "location" character varying, "kind" character varying, "website" character varying, "rating" integer, "like" integer, "created_at" timestamp NOT NULL, "updated_at" timestamp NOT NULL)[0m
  ↳ db/migrate/20190828185211_create_restaurants.rb:3
  [1m[36mActiveRecord::SchemaMigration Create (0.2ms)[0m  [1m[32mINSERT INTO "schema_migrations" ("version") VALUES ($1) RETURNING "version"[0m  [["version", "20190828185211"]]
  ↳ bin/rails:9
  [1m[35m (0.3ms)[0m  [1m[35mCOMMIT[0m
  ↳ bin/rails:9
  [1m[36mActiveRecord::InternalMetadata Load (0.3ms)[0m  [1m[34mSELECT  "ar_internal_metadata".* FROM "ar_internal_metadata" WHERE "ar_internal_metadata"."key" = $1 LIMIT $2[0m  [["key", "environment"], ["LIMIT", 1]]
  ↳ bin/rails:9
  [1m[35m (0.1ms)[0m  [1m[35mBEGIN[0m
  ↳ bin/rails:9
  [1m[35m (0.1ms)[0m  [1m[35mCOMMIT[0m
  ↳ bin/rails:9
  [1m[35m (0.2ms)[0m  [1m[34mSELECT pg_advisory_unlock(6846071856088601745)[0m
  ↳ bin/rails:9
  [1m[35m (0.2ms)[0m  [1m[34mSELECT "schema_migrations"."version" FROM "schema_migrations" ORDER BY "schema_migrations"."version" ASC[0m
  ↳ bin/rails:9
  [1m[35m (0.7ms)[0m  [1m[34mSELECT "schema_migrations"."version" FROM "schema_migrations" ORDER BY "schema_migrations"."version" ASC[0m
  ↳ bin/rails:9
  [1m[35m (0.1ms)[0m  [1m[35mBEGIN[0m
  ↳ db/seeds.rb:9
  [1m[36mUser Create (0.6ms)[0m  [1m[32mINSERT INTO "users" ("name", "age", "city", "username", "password_digest", "image", "created_at", "updated_at") VALUES ($1, $2, $3, $4, $5, $6, $7, $8) RETURNING "id"[0m  [["name", "Bob"], ["age", 45], ["city", "Seattle"], ["username", "bobmart"], ["password_digest", "0000"], ["image", "https://cdn.sandals.com/beaches/v12/images/general/destinations/home/beach.jpg"], ["created_at", "2019-08-28 22:47:42.089499"], ["updated_at", "2019-08-28 22:47:42.089499"]]
  ↳ db/seeds.rb:9
  [1m[35m (0.5ms)[0m  [1m[35mCOMMIT[0m
  ↳ db/seeds.rb:9
  [1m[35m (0.1ms)[0m  [1m[35mBEGIN[0m
  ↳ db/seeds.rb:11
  [1m[36mEvent Create (0.5ms)[0m  [1m[32mINSERT INTO "events" ("name", "location", "description", "kind", "website", "rating", "like", "created_at", "updated_at") VALUES ($1, $2, $3, $4, $5, $6, $7, $8, $9) RETURNING "id"[0m  [["name", "Beach Lau"], ["location", "Seattle"], ["description", "Its super cool"], ["kind", "Festival"], ["website", "none"], ["rating", 5], ["like", 10], ["created_at", "2019-08-28 22:47:42.103009"], ["updated_at", "2019-08-28 22:47:42.103009"]]
  ↳ db/seeds.rb:11
  [1m[35m (0.3ms)[0m  [1m[35mCOMMIT[0m
  ↳ db/seeds.rb:11
  [1m[35m (0.1ms)[0m  [1m[35mBEGIN[0m
  ↳ db/seeds.rb:13
  [1m[36mRestaurant Create (0.7ms)[0m  [1m[32mINSERT INTO "restaurants" ("name", "location", "kind", "website", "rating", "like", "created_at", "updated_at") VALUES ($1, $2, $3, $4, $5, $6, $7, $8) RETURNING "id"[0m  [["name", "Burgers"], ["location", "Seattle"], ["kind", "American Burger Joint"], ["website", "none"], ["rating", 4], ["like", 2], ["created_at", "2019-08-28 22:47:42.115802"], ["updated_at", "2019-08-28 22:47:42.115802"]]
  ↳ db/seeds.rb:13
  [1m[35m (0.4ms)[0m  [1m[35mCOMMIT[0m
  ↳ db/seeds.rb:13
  [1m[35m (0.6ms)[0m  [1m[34mSELECT "schema_migrations"."version" FROM "schema_migrations" ORDER BY "schema_migrations"."version" ASC[0m
  ↳ bin/rails:9
  [1m[35m (0.1ms)[0m  [1m[35mBEGIN[0m
  ↳ db/seeds.rb:9
  [1m[36mUser Create (0.5ms)[0m  [1m[32mINSERT INTO "users" ("name", "age", "city", "username", "password_digest", "image", "created_at", "updated_at") VALUES ($1, $2, $3, $4, $5, $6, $7, $8) RETURNING "id"[0m  [["name", "Bob"], ["age", 45], ["city", "Seattle"], ["username", "bobmart"], ["password_digest", "0000"], ["image", "https://cdn.sandals.com/beaches/v12/images/general/destinations/home/beach.jpg"], ["created_at", "2019-08-28 22:49:08.948747"], ["updated_at", "2019-08-28 22:49:08.948747"]]
  ↳ db/seeds.rb:9
  [1m[35m (0.3ms)[0m  [1m[35mCOMMIT[0m
  ↳ db/seeds.rb:9
  [1m[35m (0.1ms)[0m  [1m[35mBEGIN[0m
  ↳ db/seeds.rb:11
  [1m[36mEvent Create (0.4ms)[0m  [1m[32mINSERT INTO "events" ("name", "location", "description", "kind", "website", "rating", "like", "created_at", "updated_at") VALUES ($1, $2, $3, $4, $5, $6, $7, $8, $9) RETURNING "id"[0m  [["name", "Beach Lau"], ["location", "Seattle"], ["description", "Its super cool"], ["kind", "Festival"], ["website", "none"], ["rating", 5], ["like", 10], ["created_at", "2019-08-28 22:49:08.961247"], ["updated_at", "2019-08-28 22:49:08.961247"]]
  ↳ db/seeds.rb:11
  [1m[35m (0.3ms)[0m  [1m[35mCOMMIT[0m
  ↳ db/seeds.rb:11
  [1m[35m (0.1ms)[0m  [1m[35mBEGIN[0m
  ↳ db/seeds.rb:13
  [1m[36mRestaurant Create (0.4ms)[0m  [1m[32mINSERT INTO "restaurants" ("name", "location", "kind", "website", "rating", "like", "created_at", "updated_at") VALUES ($1, $2, $3, $4, $5, $6, $7, $8) RETURNING "id"[0m  [["name", "Burgers"], ["location", "Seattle"], ["kind", "American Burger Joint"], ["website", "none"], ["rating", 4], ["like", 2], ["created_at", "2019-08-28 22:49:08.973466"], ["updated_at", "2019-08-28 22:49:08.973466"]]
  ↳ db/seeds.rb:13
  [1m[35m (0.3ms)[0m  [1m[35mCOMMIT[0m
  ↳ db/seeds.rb:13
  [1m[35m (0.1ms)[0m  [1m[35mBEGIN[0m
  ↳ db/seeds.rb:15
  [1m[35m (0.1ms)[0m  [1m[31mROLLBACK[0m
  ↳ db/seeds.rb:15
  [1m[35m (0.1ms)[0m  [1m[35mBEGIN[0m
  ↳ db/seeds.rb:17
  [1m[35m (0.1ms)[0m  [1m[31mROLLBACK[0m
  ↳ db/seeds.rb:17
  [1m[36mUser Load (0.3ms)[0m  [1m[34mSELECT  "users".* FROM "users" LIMIT $1[0m  [["LIMIT", 11]]
  [1m[36mEvent Load (0.7ms)[0m  [1m[34mSELECT  "events".* FROM "events" LIMIT $1[0m  [["LIMIT", 11]]
  [1m[36mRestaurant Load (0.6ms)[0m  [1m[34mSELECT  "restaurants".* FROM "restaurants" LIMIT $1[0m  [["LIMIT", 11]]
  [1m[36mFavorite Load (0.9ms)[0m  [1m[34mSELECT  "favorites".* FROM "favorites" LIMIT $1[0m  [["LIMIT", 11]]
  [1m[36mFavorite Load (0.3ms)[0m  [1m[34mSELECT  "favorites".* FROM "favorites" ORDER BY "favorites"."id" ASC LIMIT $1[0m  [["LIMIT", 1]]
  [1m[36mUser Load (0.5ms)[0m  [1m[34mSELECT  "users".* FROM "users" ORDER BY "users"."id" ASC LIMIT $1[0m  [["LIMIT", 1]]
  [1m[36mUser Load (0.7ms)[0m  [1m[34mSELECT  "users".* FROM "users" ORDER BY "users"."id" ASC LIMIT $1[0m  [["LIMIT", 1]]
  [1m[36mFavorite Load (0.2ms)[0m  [1m[34mSELECT  "favorites".* FROM "favorites" WHERE "favorites"."user_id" = $1 LIMIT $2[0m  [["user_id", 1], ["LIMIT", 11]]
  [1m[35m (0.8ms)[0m  [1m[34mSELECT "schema_migrations"."version" FROM "schema_migrations" ORDER BY "schema_migrations"."version" ASC[0m
  ↳ bin/rails:9
  [1m[35m (0.8ms)[0m  [1m[34mSELECT "schema_migrations"."version" FROM "schema_migrations" ORDER BY "schema_migrations"."version" ASC[0m
  ↳ bin/rails:9
  [1m[35m (0.1ms)[0m  [1m[35mBEGIN[0m
  ↳ db/seeds.rb:9
  [1m[36mUser Create (0.5ms)[0m  [1m[32mINSERT INTO "users" ("name", "age", "city", "username", "password_digest", "image", "created_at", "updated_at") VALUES ($1, $2, $3, $4, $5, $6, $7, $8) RETURNING "id"[0m  [["name", "Bob"], ["age", 45], ["city", "Seattle"], ["username", "bobmart"], ["password_digest", "0000"], ["image", "https://cdn.sandals.com/beaches/v12/images/general/destinations/home/beach.jpg"], ["created_at", "2019-08-28 23:01:50.237750"], ["updated_at", "2019-08-28 23:01:50.237750"]]
  ↳ db/seeds.rb:9
  [1m[35m (1.3ms)[0m  [1m[35mCOMMIT[0m
  ↳ db/seeds.rb:9
  [1m[35m (0.1ms)[0m  [1m[35mBEGIN[0m
  ↳ db/seeds.rb:11
  [1m[36mEvent Create (0.5ms)[0m  [1m[32mINSERT INTO "events" ("name", "location", "description", "kind", "website", "rating", "like", "created_at", "updated_at") VALUES ($1, $2, $3, $4, $5, $6, $7, $8, $9) RETURNING "id"[0m  [["name", "Beach Lau"], ["location", "Seattle"], ["description", "Its super cool"], ["kind", "Festival"], ["website", "none"], ["rating", 5], ["like", 10], ["created_at", "2019-08-28 23:01:50.258100"], ["updated_at", "2019-08-28 23:01:50.258100"]]
  ↳ db/seeds.rb:11
  [1m[35m (0.4ms)[0m  [1m[35mCOMMIT[0m
  ↳ db/seeds.rb:11
  [1m[35m (0.1ms)[0m  [1m[35mBEGIN[0m
  ↳ db/seeds.rb:13
  [1m[36mRestaurant Create (0.4ms)[0m  [1m[32mINSERT INTO "restaurants" ("name", "location", "kind", "website", "rating", "like", "created_at", "updated_at") VALUES ($1, $2, $3, $4, $5, $6, $7, $8) RETURNING "id"[0m  [["name", "Burgers"], ["location", "Seattle"], ["kind", "American Burger Joint"], ["website", "none"], ["rating", 4], ["like", 2], ["created_at", "2019-08-28 23:01:50.270912"], ["updated_at", "2019-08-28 23:01:50.270912"]]
  ↳ db/seeds.rb:13
  [1m[35m (0.4ms)[0m  [1m[35mCOMMIT[0m
  ↳ db/seeds.rb:13
  [1m[35m (0.1ms)[0m  [1m[35mBEGIN[0m
  ↳ db/seeds.rb:15
  [1m[35m (0.2ms)[0m  [1m[31mROLLBACK[0m
  ↳ db/seeds.rb:15
  [1m[35m (0.1ms)[0m  [1m[35mBEGIN[0m
  ↳ db/seeds.rb:17
  [1m[35m (0.1ms)[0m  [1m[31mROLLBACK[0m
  ↳ db/seeds.rb:17
  [1m[36mFavorite Load (0.3ms)[0m  [1m[34mSELECT  "favorites".* FROM "favorites" LIMIT $1[0m  [["LIMIT", 11]]
  [1m[36mUser Load (0.5ms)[0m  [1m[34mSELECT  "users".* FROM "users" ORDER BY "users"."id" DESC LIMIT $1[0m  [["LIMIT", 1]]
  [1m[36mRestaurant Load (0.6ms)[0m  [1m[34mSELECT  "restaurants".* FROM "restaurants" ORDER BY "restaurants"."id" DESC LIMIT $1[0m  [["LIMIT", 1]]
  [1m[35m (0.2ms)[0m  [1m[35mBEGIN[0m
  [1m[35m (0.2ms)[0m  [1m[31mROLLBACK[0m
  [1m[36mUser Load (0.5ms)[0m  [1m[34mSELECT  "users".* FROM "users" ORDER BY "users"."id" DESC LIMIT $1[0m  [["LIMIT", 1]]
  [1m[36mRestaurant Load (0.4ms)[0m  [1m[34mSELECT  "restaurants".* FROM "restaurants" ORDER BY "restaurants"."id" DESC LIMIT $1[0m  [["LIMIT", 1]]
  [1m[35m (0.1ms)[0m  [1m[35mBEGIN[0m
  [1m[36mUser Load (0.3ms)[0m  [1m[34mSELECT  "users".* FROM "users" WHERE "users"."id" = $1 LIMIT $2[0m  [["id", 3], ["LIMIT", 1]]
  [1m[35m (0.1ms)[0m  [1m[31mROLLBACK[0m
  [1m[35m (0.3ms)[0m  [1m[35mBEGIN[0m
  [1m[36mUser Load (0.6ms)[0m  [1m[34mSELECT  "users".* FROM "users" WHERE "users"."id" = $1 LIMIT $2[0m  [["id", 3], ["LIMIT", 1]]
  [1m[36mRestaurant Load (0.3ms)[0m  [1m[34mSELECT  "restaurants".* FROM "restaurants" WHERE "restaurants"."id" = $1 LIMIT $2[0m  [["id", 3], ["LIMIT", 1]]
  [1m[36mFavorite Create (2.6ms)[0m  [1m[32mINSERT INTO "favorites" ("user_id", "favorite_id", "favorite_type", "created_at", "updated_at") VALUES ($1, $2, $3, $4, $5) RETURNING "id"[0m  [["user_id", 3], ["favorite_id", 3], ["favorite_type", "Restaurant"], ["created_at", "2019-08-28 23:04:53.589967"], ["updated_at", "2019-08-28 23:04:53.589967"]]
  [1m[35m (0.4ms)[0m  [1m[35mCOMMIT[0m
  [1m[36mFavorite Load (0.4ms)[0m  [1m[34mSELECT  "favorites".* FROM "favorites" WHERE "favorites"."user_id" = $1 LIMIT $2[0m  [["user_id", 3], ["LIMIT", 11]]
  [1m[36mUser Load (0.4ms)[0m  [1m[34mSELECT  "users".* FROM "users" ORDER BY "users"."id" DESC LIMIT $1[0m  [["LIMIT", 1]]
  [1m[36mRestaurant Load (0.9ms)[0m  [1m[34mSELECT  "restaurants".* FROM "restaurants" INNER JOIN "favorites" ON "restaurants"."id" = "favorites"."favorite_id" WHERE "favorites"."user_id" = $1 AND "favorites"."favorite_type" = $2 LIMIT $3[0m  [["user_id", 3], ["favorite_type", "Restaurant"], ["LIMIT", 11]]
  [1m[36mEvent Load (0.6ms)[0m  [1m[34mSELECT  "events".* FROM "events" INNER JOIN "favorites" ON "events"."id" = "favorites"."favorite_id" WHERE "favorites"."user_id" = $1 AND "favorites"."favorite_type" = $2 LIMIT $3[0m  [["user_id", 3], ["favorite_type", "Event"], ["LIMIT", 11]]
Started GET "/" for ::1 at 2019-08-29 09:02:47 -0700
  [1m[35m (2.4ms)[0m  [1m[34mSELECT "schema_migrations"."version" FROM "schema_migrations" ORDER BY "schema_migrations"."version" ASC[0m
  ↳ /Users/daniemartinoli/.rvm/gems/ruby-2.6.1/gems/activerecord-5.2.3/lib/active_record/log_subscriber.rb:98
Processing by Rails::WelcomeController#index as HTML
  Rendering /Users/daniemartinoli/.rvm/gems/ruby-2.6.1/gems/railties-5.2.3/lib/rails/templates/rails/welcome/index.html.erb
  Rendered /Users/daniemartinoli/.rvm/gems/ruby-2.6.1/gems/railties-5.2.3/lib/rails/templates/rails/welcome/index.html.erb (14.7ms)
Completed 200 OK in 24ms (Views: 21.6ms | ActiveRecord: 0.0ms)


Started GET "/users" for ::1 at 2019-08-29 09:02:54 -0700
  
SyntaxError (/Users/daniemartinoli/Flatiron/Mod5/picklyapp/backend/app/controllers/users_controller.rb:5: syntax error, unexpected tIDENTIFIER, expecting end
        render :json users except: [:created_at, :updat...
                     ^~~~~
/Users/daniemartinoli/Flatiron/Mod5/picklyapp/backend/app/controllers/users_controller.rb:10: syntax error, unexpected tIDENTIFIER, expecting end
        render :json users, except: [:created_at, :upda...
                     ^~~~~):
  
app/controllers/users_controller.rb:5: syntax error, unexpected tIDENTIFIER, expecting end
app/controllers/users_controller.rb:10: syntax error, unexpected tIDENTIFIER, expecting end
Started GET "/users" for ::1 at 2019-08-29 09:08:49 -0700
  
SyntaxError (/Users/daniemartinoli/Flatiron/Mod5/picklyapp/backend/app/controllers/users_controller.rb:22: syntax error, unexpected ':', expecting '}'
            render {message: 'Error saving name'}
                           ^
/Users/daniemartinoli/Flatiron/Mod5/picklyapp/backend/app/controllers/users_controller.rb:22: syntax error, unexpected '}', expecting end
... {message: 'Error saving name'}
...                              ^
/Users/daniemartinoli/Flatiron/Mod5/picklyapp/backend/app/controllers/users_controller.rb:33: syntax error, unexpected end-of-input, expecting end):
  
app/controllers/users_controller.rb:22: syntax error, unexpected ':', expecting '}'
app/controllers/users_controller.rb:22: syntax error, unexpected '}', expecting end
app/controllers/users_controller.rb:33: syntax error, unexpected end-of-input, expecting end
Started GET "/favicon.ico" for ::1 at 2019-08-29 09:08:50 -0700
  
ActionController::RoutingError (No route matches [GET] "/favicon.ico"):
  
actionpack (5.2.3) lib/action_dispatch/middleware/debug_exceptions.rb:65:in `call'
actionpack (5.2.3) lib/action_dispatch/middleware/show_exceptions.rb:33:in `call'
railties (5.2.3) lib/rails/rack/logger.rb:38:in `call_app'
railties (5.2.3) lib/rails/rack/logger.rb:26:in `block in call'
activesupport (5.2.3) lib/active_support/tagged_logging.rb:71:in `block in tagged'
activesupport (5.2.3) lib/active_support/tagged_logging.rb:28:in `tagged'
activesupport (5.2.3) lib/active_support/tagged_logging.rb:71:in `tagged'
railties (5.2.3) lib/rails/rack/logger.rb:26:in `call'
actionpack (5.2.3) lib/action_dispatch/middleware/remote_ip.rb:81:in `call'
actionpack (5.2.3) lib/action_dispatch/middleware/request_id.rb:27:in `call'
rack (2.0.7) lib/rack/runtime.rb:22:in `call'
activesupport (5.2.3) lib/active_support/cache/strategy/local_cache_middleware.rb:29:in `call'
actionpack (5.2.3) lib/action_dispatch/middleware/executor.rb:14:in `call'
actionpack (5.2.3) lib/action_dispatch/middleware/static.rb:127:in `call'
rack (2.0.7) lib/rack/sendfile.rb:111:in `call'
rack-cors (1.0.3) lib/rack/cors.rb:95:in `call'
railties (5.2.3) lib/rails/engine.rb:524:in `call'
puma (3.12.1) lib/puma/configuration.rb:227:in `call'
puma (3.12.1) lib/puma/server.rb:660:in `handle_request'
puma (3.12.1) lib/puma/server.rb:474:in `process_client'
puma (3.12.1) lib/puma/server.rb:334:in `block in run'
puma (3.12.1) lib/puma/thread_pool.rb:135:in `block in spawn_thread'
Started GET "/users" for ::1 at 2019-08-29 09:09:12 -0700
Processing by UsersController#index as HTML
  [1m[36mUser Load (3.0ms)[0m  [1m[34mSELECT  "users".* FROM "users" LIMIT $1[0m  [["LIMIT", 11]]
  ↳ /Users/daniemartinoli/.rvm/rubies/ruby-2.6.1/lib/ruby/gems/2.6.0/gems/did_you_mean-1.3.0/lib/did_you_mean/core_ext/name_error.rb:8
Completed 500 Internal Server Error in 83ms (ActiveRecord: 0.0ms)


  
  [1m[36mCACHE User Load (0.0ms)[0m  [1m[34mSELECT  "users".* FROM "users" LIMIT $1[0m  [["LIMIT", 11]]
  ↳ /Users/daniemartinoli/.rvm/rubies/ruby-2.6.1/lib/ruby/gems/2.6.0/gems/did_you_mean-1.3.0/lib/did_you_mean/core_ext/name_error.rb:8
NoMethodError (undefined method `users' for #<UsersController:0x00007fe08caadd30>
Did you mean?  users_url):
  
app/controllers/users_controller.rb:5:in `index'
Started GET "/users" for ::1 at 2019-08-29 09:09:26 -0700
Processing by UsersController#index as HTML
  [1m[36mUser Load (0.3ms)[0m  [1m[34mSELECT  "users".* FROM "users" LIMIT $1[0m  [["LIMIT", 11]]
  ↳ /Users/daniemartinoli/.rvm/rubies/ruby-2.6.1/lib/ruby/gems/2.6.0/gems/did_you_mean-1.3.0/lib/did_you_mean/core_ext/name_error.rb:8
  [1m[36mCACHE User Load (0.0ms)[0m  [1m[34mSELECT  "users".* FROM "users" LIMIT $1[0m  [["LIMIT", 11]]
  ↳ /Users/daniemartinoli/.rvm/rubies/ruby-2.6.1/lib/ruby/gems/2.6.0/gems/did_you_mean-1.3.0/lib/did_you_mean/core_ext/name_error.rb:4
Completed 500 Internal Server Error in 111ms (ActiveRecord: 0.0ms)


  
  [1m[36mCACHE User Load (0.0ms)[0m  [1m[34mSELECT  "users".* FROM "users" LIMIT $1[0m  [["LIMIT", 11]]
  ↳ /Users/daniemartinoli/.rvm/rubies/ruby-2.6.1/lib/ruby/gems/2.6.0/gems/did_you_mean-1.3.0/lib/did_you_mean/core_ext/name_error.rb:8
NameError (undefined local variable or method `users' for #<UsersController:0x00007fe08cacc050>
Did you mean?  @users):
  
app/controllers/users_controller.rb:5:in `index'
Started GET "/users" for ::1 at 2019-08-29 09:09:36 -0700
Processing by UsersController#index as HTML
  [1m[36mUser Load (0.3ms)[0m  [1m[34mSELECT  "users".* FROM "users" LIMIT $1[0m  [["LIMIT", 11]]
  ↳ /Users/daniemartinoli/.rvm/rubies/ruby-2.6.1/lib/ruby/gems/2.6.0/gems/did_you_mean-1.3.0/lib/did_you_mean/core_ext/name_error.rb:8
  [1m[36mCACHE User Load (0.0ms)[0m  [1m[34mSELECT  "users".* FROM "users" LIMIT $1[0m  [["LIMIT", 11]]
  ↳ /Users/daniemartinoli/.rvm/rubies/ruby-2.6.1/lib/ruby/gems/2.6.0/gems/did_you_mean-1.3.0/lib/did_you_mean/core_ext/name_error.rb:4
Completed 500 Internal Server Error in 101ms (ActiveRecord: 0.0ms)


  
  [1m[36mCACHE User Load (0.0ms)[0m  [1m[34mSELECT  "users".* FROM "users" LIMIT $1[0m  [["LIMIT", 11]]
  ↳ /Users/daniemartinoli/.rvm/rubies/ruby-2.6.1/lib/ruby/gems/2.6.0/gems/did_you_mean-1.3.0/lib/did_you_mean/core_ext/name_error.rb:8
NameError (undefined local variable or method `user' for #<UsersController:0x00007fe08c5d3120>
Did you mean?  @users):
  
app/controllers/users_controller.rb:5:in `index'
Started GET "/users" for ::1 at 2019-08-29 09:10:10 -0700
Processing by UsersController#index as HTML
Completed 200 OK in 4ms (Views: 0.1ms | ActiveRecord: 0.0ms)


Started GET "/favorites" for ::1 at 2019-08-29 09:40:24 -0700
Processing by FavoritesController#index as HTML
Completed 200 OK in 8ms (Views: 0.1ms | ActiveRecord: 0.0ms)


Started GET "/events" for ::1 at 2019-08-29 09:40:32 -0700
  
AbstractController::ActionNotFound (The action 'index' could not be found for EventsController):
  
actionpack (5.2.3) lib/abstract_controller/base.rb:129:in `process'
actionpack (5.2.3) lib/action_controller/metal.rb:191:in `dispatch'
actionpack (5.2.3) lib/action_controller/metal.rb:252:in `dispatch'
actionpack (5.2.3) lib/action_dispatch/routing/route_set.rb:52:in `dispatch'
actionpack (5.2.3) lib/action_dispatch/routing/route_set.rb:34:in `serve'
actionpack (5.2.3) lib/action_dispatch/journey/router.rb:52:in `block in serve'
actionpack (5.2.3) lib/action_dispatch/journey/router.rb:35:in `each'
actionpack (5.2.3) lib/action_dispatch/journey/router.rb:35:in `serve'
actionpack (5.2.3) lib/action_dispatch/routing/route_set.rb:840:in `call'
rack (2.0.7) lib/rack/etag.rb:25:in `call'
rack (2.0.7) lib/rack/conditional_get.rb:25:in `call'
rack (2.0.7) lib/rack/head.rb:12:in `call'
activerecord (5.2.3) lib/active_record/migration.rb:559:in `call'
actionpack (5.2.3) lib/action_dispatch/middleware/callbacks.rb:28:in `block in call'
activesupport (5.2.3) lib/active_support/callbacks.rb:98:in `run_callbacks'
actionpack (5.2.3) lib/action_dispatch/middleware/callbacks.rb:26:in `call'
actionpack (5.2.3) lib/action_dispatch/middleware/executor.rb:14:in `call'
actionpack (5.2.3) lib/action_dispatch/middleware/debug_exceptions.rb:61:in `call'
actionpack (5.2.3) lib/action_dispatch/middleware/show_exceptions.rb:33:in `call'
railties (5.2.3) lib/rails/rack/logger.rb:38:in `call_app'
railties (5.2.3) lib/rails/rack/logger.rb:26:in `block in call'
activesupport (5.2.3) lib/active_support/tagged_logging.rb:71:in `block in tagged'
activesupport (5.2.3) lib/active_support/tagged_logging.rb:28:in `tagged'
activesupport (5.2.3) lib/active_support/tagged_logging.rb:71:in `tagged'
railties (5.2.3) lib/rails/rack/logger.rb:26:in `call'
actionpack (5.2.3) lib/action_dispatch/middleware/remote_ip.rb:81:in `call'
actionpack (5.2.3) lib/action_dispatch/middleware/request_id.rb:27:in `call'
rack (2.0.7) lib/rack/runtime.rb:22:in `call'
activesupport (5.2.3) lib/active_support/cache/strategy/local_cache_middleware.rb:29:in `call'
actionpack (5.2.3) lib/action_dispatch/middleware/executor.rb:14:in `call'
actionpack (5.2.3) lib/action_dispatch/middleware/static.rb:127:in `call'
rack (2.0.7) lib/rack/sendfile.rb:111:in `call'
rack-cors (1.0.3) lib/rack/cors.rb:95:in `call'
railties (5.2.3) lib/rails/engine.rb:524:in `call'
puma (3.12.1) lib/puma/configuration.rb:227:in `call'
puma (3.12.1) lib/puma/server.rb:660:in `handle_request'
puma (3.12.1) lib/puma/server.rb:474:in `process_client'
puma (3.12.1) lib/puma/server.rb:334:in `block in run'
puma (3.12.1) lib/puma/thread_pool.rb:135:in `block in spawn_thread'
Started GET "/events" for ::1 at 2019-08-29 09:42:18 -0700
Processing by EventsController#index as HTML
Completed 200 OK in 3ms (Views: 0.1ms | ActiveRecord: 0.0ms)


Started GET "/restaurants" for ::1 at 2019-08-29 09:42:23 -0700
Processing by RestaurantsController#index as HTML
Completed 200 OK in 4ms (Views: 0.1ms | ActiveRecord: 0.0ms)


Started GET "/" for ::1 at 2019-08-30 16:03:50 -0700
  [1m[35m (2.2ms)[0m  [1m[34mSELECT "schema_migrations"."version" FROM "schema_migrations" ORDER BY "schema_migrations"."version" ASC[0m
  ↳ /Users/daniemartinoli/.rvm/gems/ruby-2.6.1/gems/activerecord-5.2.3/lib/active_record/log_subscriber.rb:98
Processing by Rails::WelcomeController#index as HTML
  Rendering /Users/daniemartinoli/.rvm/gems/ruby-2.6.1/gems/railties-5.2.3/lib/rails/templates/rails/welcome/index.html.erb
  Rendered /Users/daniemartinoli/.rvm/gems/ruby-2.6.1/gems/railties-5.2.3/lib/rails/templates/rails/welcome/index.html.erb (6.5ms)
Completed 200 OK in 18ms (Views: 15.4ms | ActiveRecord: 0.0ms)


Started GET "/restaurants" for ::1 at 2019-08-30 16:03:58 -0700
  
LoadError (cannot load such file -- pry):
  
app/controllers/restaurants_controller.rb:1:in `<main>'
Started GET "/restaurants" for ::1 at 2019-08-30 16:06:11 -0700
  [1m[35m (0.6ms)[0m  [1m[34mSELECT "schema_migrations"."version" FROM "schema_migrations" ORDER BY "schema_migrations"."version" ASC[0m
  ↳ /Users/daniemartinoli/.rvm/gems/ruby-2.6.1/gems/activerecord-5.2.3/lib/active_record/log_subscriber.rb:98
Processing by RestaurantsController#index as HTML
Completed 500 Internal Server Error in 10ms (ActiveRecord: 0.0ms)


  
KeyError (key not found: :ciphers):
  
app/controllers/restaurants_controller.rb:15:in `getRestaurants'
app/controllers/restaurants_controller.rb:8:in `index'
Started GET "/restaurants" for ::1 at 2019-08-30 16:07:57 -0700
Processing by RestaurantsController#index as HTML
Completed 500 Internal Server Error in 9ms (ActiveRecord: 0.0ms)


  
KeyError (key not found: :ciphers):
  
app/controllers/restaurants_controller.rb:16:in `getRestaurants'
app/controllers/restaurants_controller.rb:8:in `index'
Started GET "/restaurants" for ::1 at 2019-08-30 16:10:09 -0700
  [1m[35m (0.7ms)[0m  [1m[34mSELECT "schema_migrations"."version" FROM "schema_migrations" ORDER BY "schema_migrations"."version" ASC[0m
  ↳ /Users/daniemartinoli/.rvm/gems/ruby-2.6.1/gems/activerecord-5.2.3/lib/active_record/log_subscriber.rb:98
Processing by RestaurantsController#index as HTML
Completed 500 Internal Server Error in 19ms (ActiveRecord: 0.0ms)


  
KeyError (key not found: :ciphers):
  
app/controllers/restaurants_controller.rb:16:in `getRestaurants'
app/controllers/restaurants_controller.rb:8:in `index'
Started GET "/restaurants" for ::1 at 2019-08-30 16:10:19 -0700
Processing by RestaurantsController#index as HTML
Completed 500 Internal Server Error in 13ms (ActiveRecord: 0.0ms)


  
KeyError (key not found: :ciphers):
  
app/controllers/restaurants_controller.rb:16:in `getRestaurants'
app/controllers/restaurants_controller.rb:8:in `index'
Started GET "/restaurants" for ::1 at 2019-08-30 16:13:31 -0700
  [1m[35m (0.6ms)[0m  [1m[34mSELECT "schema_migrations"."version" FROM "schema_migrations" ORDER BY "schema_migrations"."version" ASC[0m
  ↳ /Users/daniemartinoli/.rvm/gems/ruby-2.6.1/gems/activerecord-5.2.3/lib/active_record/log_subscriber.rb:98
Processing by RestaurantsController#index as HTML
Completed 500 Internal Server Error in 1097ms (ActiveRecord: 0.0ms)


  
TypeError (no implicit conversion of HTTParty::Response into String):
  
app/controllers/restaurants_controller.rb:17:in `getRestaurants'
app/controllers/restaurants_controller.rb:8:in `index'
Started GET "/restaurants" for ::1 at 2019-08-30 16:14:12 -0700
Processing by RestaurantsController#index as HTML
Completed 500 Internal Server Error in 169495ms (ActiveRecord: 0.0ms)


  
TypeError (no implicit conversion of HTTParty::Response into String):
  
app/controllers/restaurants_controller.rb:17:in `getRestaurants'
app/controllers/restaurants_controller.rb:8:in `index'
Started GET "/restaurants" for ::1 at 2019-08-30 16:17:12 -0700
  [1m[35m (0.6ms)[0m  [1m[34mSELECT "schema_migrations"."version" FROM "schema_migrations" ORDER BY "schema_migrations"."version" ASC[0m
  ↳ /Users/daniemartinoli/.rvm/gems/ruby-2.6.1/gems/activerecord-5.2.3/lib/active_record/log_subscriber.rb:98
Processing by RestaurantsController#index as HTML
Completed 200 OK in 37956ms (Views: 0.3ms | ActiveRecord: 0.0ms)


Started GET "/restaurants" for ::1 at 2019-08-30 16:18:58 -0700
  [1m[35m (0.6ms)[0m  [1m[34mSELECT "schema_migrations"."version" FROM "schema_migrations" ORDER BY "schema_migrations"."version" ASC[0m
  ↳ /Users/daniemartinoli/.rvm/gems/ruby-2.6.1/gems/activerecord-5.2.3/lib/active_record/log_subscriber.rb:98
Processing by RestaurantsController#index as HTML
Completed 200 OK in 170040ms (Views: 0.3ms | ActiveRecord: 0.0ms)


Started GET "/restaurants" for ::1 at 2019-08-30 16:22:05 -0700
  [1m[35m (0.6ms)[0m  [1m[34mSELECT "schema_migrations"."version" FROM "schema_migrations" ORDER BY "schema_migrations"."version" ASC[0m
  ↳ /Users/daniemartinoli/.rvm/gems/ruby-2.6.1/gems/activerecord-5.2.3/lib/active_record/log_subscriber.rb:98
Processing by RestaurantsController#index as HTML
Completed 200 OK in 731429ms (Views: 0.3ms | ActiveRecord: 0.0ms)


